<?xml version="1.0" encoding="UTF-8"?>
<!-- Generated by org.testng.reporters.JUnitReportReporter -->
<testsuite hostname="DESKTOP-4OT0G8A" failures="0" tests="5" name="runner.TestRunner" time="27.052" errors="0" timestamp="20 May 2022 06:01:40 GMT" skipped="0">
  <testcase classname="runner.TestRunner" name="runScenario" time="13.595"/>
  <testcase classname="runner.TestRunner" name="runScenario" time="7.535"/>
  <testcase classname="runner.TestRunner" name="runScenario" time="2.327"/>
  <testcase classname="runner.TestRunner" name="runScenario" time="2.317"/>
  <testcase classname="runner.TestRunner" name="runScenario" time="1.278"/>
</testsuite> <!-- runner.TestRunner -->
