<?xml version="1.0" encoding="UTF-8"?>
<!-- Generated by org.testng.reporters.JUnitReportReporter -->
<testsuite hostname="DESKTOP-4OT0G8A" failures="0" tests="5" name="runner.TestRunner" time="64.653" errors="0" timestamp="19 May 2022 14:52:47 GMT" skipped="0">
  <testcase classname="runner.TestRunner" name="runScenario" time="10.155"/>
  <testcase classname="runner.TestRunner" name="runScenario" time="6.092"/>
  <testcase classname="runner.TestRunner" name="runScenario" time="23.465"/>
  <testcase classname="runner.TestRunner" name="runScenario" time="16.694"/>
  <testcase classname="runner.TestRunner" name="runScenario" time="8.247"/>
</testsuite> <!-- runner.TestRunner -->
